1600333963.609476 client started (9344): version 2.6, socket /tmp/tmux-1001/default, protocol 8
1600333963.609561 on Linux 5.4.0-47-generic #51~18.04.1-Ubuntu SMP Sat Sep 5 14:35:50 UTC 2020; libevent 2.1.8-stable (poll)
1600333963.609630 socket is /tmp/tmux-1001/default
1600333963.609684 trying connect
1600333963.609860 add peer 0x5594642e7ad0: 6 ((nil))
1600333963.610034 sending message 100 to peer 0x5594642e7ad0 (4 bytes)
1600333963.610092 sending message 101 to peer 0x5594642e7ad0 (15 bytes)
1600333963.610118 sending message 102 to peer 0x5594642e7ad0 (11 bytes)
1600333963.610129 sending message 108 to peer 0x5594642e7ad0 (50 bytes)
1600333963.610141 sending message 104 to peer 0x5594642e7ad0 (0 bytes)
1600333963.610152 sending message 107 to peer 0x5594642e7ad0 (4 bytes)
1600333963.610168 sending message 105 to peer 0x5594642e7ad0 (22 bytes)
1600333963.610181 sending message 105 to peer 0x5594642e7ad0 (14 bytes)
1600333963.610192 sending message 105 to peer 0x5594642e7ad0 (1516 bytes)
1600333963.610214 sending message 105 to peer 0x5594642e7ad0 (45 bytes)
1600333963.610229 sending message 105 to peer 0x5594642e7ad0 (34 bytes)
1600333963.610259 sending message 105 to peer 0x5594642e7ad0 (23 bytes)
1600333963.610288 sending message 105 to peer 0x5594642e7ad0 (17 bytes)
1600333963.610321 sending message 105 to peer 0x5594642e7ad0 (16 bytes)
1600333963.610343 sending message 105 to peer 0x5594642e7ad0 (11 bytes)
1600333963.610365 sending message 105 to peer 0x5594642e7ad0 (47 bytes)
1600333963.610389 sending message 105 to peer 0x5594642e7ad0 (32 bytes)
1600333963.610411 sending message 105 to peer 0x5594642e7ad0 (20 bytes)
1600333963.610431 sending message 105 to peer 0x5594642e7ad0 (17 bytes)
1600333963.610453 sending message 105 to peer 0x5594642e7ad0 (38 bytes)
1600333963.610473 sending message 105 to peer 0x5594642e7ad0 (11 bytes)
1600333963.610495 sending message 105 to peer 0x5594642e7ad0 (41 bytes)
1600333963.610517 sending message 105 to peer 0x5594642e7ad0 (7 bytes)
1600333963.610537 sending message 105 to peer 0x5594642e7ad0 (17 bytes)
1600333963.610557 sending message 105 to peer 0x5594642e7ad0 (13 bytes)
1600333963.610578 sending message 105 to peer 0x5594642e7ad0 (23 bytes)
1600333963.610598 sending message 105 to peer 0x5594642e7ad0 (18 bytes)
1600333963.610620 sending message 105 to peer 0x5594642e7ad0 (33 bytes)
1600333963.610642 sending message 105 to peer 0x5594642e7ad0 (86 bytes)
1600333963.610665 sending message 105 to peer 0x5594642e7ad0 (54 bytes)
1600333963.610686 sending message 105 to peer 0x5594642e7ad0 (19 bytes)
1600333963.610708 sending message 105 to peer 0x5594642e7ad0 (53 bytes)
1600333963.610729 sending message 105 to peer 0x5594642e7ad0 (23 bytes)
1600333963.610749 sending message 105 to peer 0x5594642e7ad0 (21 bytes)
1600333963.610770 sending message 105 to peer 0x5594642e7ad0 (19 bytes)
1600333963.610791 sending message 105 to peer 0x5594642e7ad0 (19 bytes)
1600333963.610813 sending message 105 to peer 0x5594642e7ad0 (21 bytes)
1600333963.610834 sending message 105 to peer 0x5594642e7ad0 (85 bytes)
1600333963.610857 sending message 105 to peer 0x5594642e7ad0 (11 bytes)
1600333963.610880 sending message 105 to peer 0x5594642e7ad0 (27 bytes)
1600333963.610903 sending message 105 to peer 0x5594642e7ad0 (88 bytes)
1600333963.610925 sending message 105 to peer 0x5594642e7ad0 (30 bytes)
1600333963.610949 sending message 105 to peer 0x5594642e7ad0 (28 bytes)
1600333963.610969 sending message 105 to peer 0x5594642e7ad0 (13 bytes)
1600333963.610991 sending message 105 to peer 0x5594642e7ad0 (20 bytes)
1600333963.611015 sending message 105 to peer 0x5594642e7ad0 (16 bytes)
1600333963.611037 sending message 105 to peer 0x5594642e7ad0 (17 bytes)
1600333963.611061 sending message 105 to peer 0x5594642e7ad0 (17 bytes)
1600333963.611083 sending message 105 to peer 0x5594642e7ad0 (20 bytes)
1600333963.611104 sending message 105 to peer 0x5594642e7ad0 (18 bytes)
1600333963.611125 sending message 105 to peer 0x5594642e7ad0 (30 bytes)
1600333963.611148 sending message 105 to peer 0x5594642e7ad0 (33 bytes)
1600333963.611204 sending message 105 to peer 0x5594642e7ad0 (52 bytes)
1600333963.611226 sending message 105 to peer 0x5594642e7ad0 (29 bytes)
1600333963.611247 sending message 105 to peer 0x5594642e7ad0 (15 bytes)
1600333963.611268 sending message 105 to peer 0x5594642e7ad0 (8 bytes)
1600333963.611290 sending message 105 to peer 0x5594642e7ad0 (18 bytes)
1600333963.611311 sending message 105 to peer 0x5594642e7ad0 (44 bytes)
1600333963.611333 sending message 105 to peer 0x5594642e7ad0 (16 bytes)
1600333963.611354 sending message 105 to peer 0x5594642e7ad0 (92 bytes)
1600333963.611375 sending message 105 to peer 0x5594642e7ad0 (31 bytes)
1600333963.611396 sending message 105 to peer 0x5594642e7ad0 (41 bytes)
1600333963.611417 sending message 105 to peer 0x5594642e7ad0 (45 bytes)
1600333963.611438 sending message 105 to peer 0x5594642e7ad0 (360 bytes)
1600333963.611467 sending message 105 to peer 0x5594642e7ad0 (23 bytes)
1600333963.611489 sending message 105 to peer 0x5594642e7ad0 (86 bytes)
1600333963.611512 sending message 105 to peer 0x5594642e7ad0 (32 bytes)
1600333963.611535 sending message 105 to peer 0x5594642e7ad0 (19 bytes)
1600333963.611556 sending message 105 to peer 0x5594642e7ad0 (16 bytes)
1600333963.611575 sending message 105 to peer 0x5594642e7ad0 (16 bytes)
1600333963.611596 sending message 106 to peer 0x5594642e7ad0 (0 bytes)
1600333963.611618 sending message 200 to peer 0x5594642e7ad0 (4 bytes)
1600333963.611639 client loop enter
1600333963.615697 peer 0x5594642e7ad0 message 207
1600333963.615724 sending message 208 to peer 0x5594642e7ad0 (0 bytes)
1600333966.306044 peer 0x5594642e7ad0 message 203
1600333966.306118 sending message 205 to peer 0x5594642e7ad0 (0 bytes)
1600333966.306649 peer 0x5594642e7ad0 message 204
1600333966.306693 client loop exit
