Building DAG of jobs...
Using shell: /bin/bash
Provided cores: 1
Rules claiming more threads will be scaled down.
Job counts:
	count	jobs
	1	test
	1	test2
	2

[Thu Mar 18 13:47:15 2021]
rule test:
    output: out.xt
    jobid: 1

Touching output file out.xt.
[Thu Mar 18 13:47:15 2021]
Finished job 1.
1 of 2 steps (50%) done

[Thu Mar 18 13:47:15 2021]
rule test2:
    input: out.xt
    output: out2.xt
    jobid: 0

RuleException in line 87 of /home/mourdas/Documents/5-GIT/TrEMOLO/pipeline/creation_snakefile.snk:
'Params' object has no attribute 'test'
