Building DAG of jobs...
Using shell: /bin/bash
Provided cores: 1
Rules claiming more threads will be scaled down.
Job counts:
	count	jobs
	1	test
	1	test2
	2

[Thu Mar 18 13:22:12 2021]
rule test:
    output: out.xt
    jobid: 1

Touching output file out.xt.
[Thu Mar 18 13:22:12 2021]
Finished job 1.
1 of 2 steps (50%) done

[Thu Mar 18 13:22:12 2021]
rule test2:
    input: out.xt
    output: out2.xt
    jobid: 0

[Thu Mar 18 13:22:12 2021]
Error in rule test2:
    jobid: 0
    output: out2.xt
    shell:
        
        echo ok;
        echo export var=5;
        echo $var;
        rm out.xt;
        
        (exited with non-zero exit code)

Shutting down, this might take some time.
Exiting because a job execution failed. Look above for error message
Complete log: /home/mourdas/Documents/5-GIT/TrEMOLO/pipeline/.snakemake/log/2021-03-18T132212.312752.snakemake.log
