Building DAG of jobs...
Using shell: /bin/bash
Provided cores: 1
Rules claiming more threads will be scaled down.
Job counts:
	count	jobs
	1	test2
	1

[Thu Mar 18 13:49:05 2021]
rule test2:
    input: out.xt
    output: out2.xt
    jobid: 0

Waiting at most 5 seconds for missing files.
Terminating processes on user request, this might take some time.
MissingOutputException in line 87 of /home/mourdas/Documents/5-GIT/TrEMOLO/pipeline/creation_snakefile.snk:
Missing files after 5 seconds:
out2.xt
This might be due to filesystem latency. If that is the case, consider to increase the wait time with --latency-wait.
Complete log: /home/mourdas/Documents/5-GIT/TrEMOLO/pipeline/.snakemake/log/2021-03-18T134905.952119.snakemake.log
