Building DAG of jobs...
Using shell: /bin/bash
Provided cores: 1
Rules claiming more threads will be scaled down.
Job counts:
	count	jobs
	1	test
	1	test2
	2

[Thu Mar 18 13:29:57 2021]
rule test:
    output: out.xt
    jobid: 1

[Thu Mar 18 13:29:57 2021]
Error in rule test:
    jobid: 1
    output: out.xt
    shell:
        
        echo ok;
        source `dirname creation_snakefile.snk`/define_env.sh;
        test nooooo
        echo $var;

        
        (exited with non-zero exit code)

Shutting down, this might take some time.
Exiting because a job execution failed. Look above for error message
Complete log: /home/mourdas/Documents/5-GIT/TrEMOLO/pipeline/.snakemake/log/2021-03-18T132957.697319.snakemake.log
