Building DAG of jobs...
Using shell: /bin/bash
Provided cores: 1
Rules claiming more threads will be scaled down.
Job counts:
	count	jobs
	1	create_snake_file
	1

[Thu Mar 18 14:58:00 2021]
rule create_snake_file:
    output: /Snakefile
    jobid: 0

Waiting at most 5 seconds for missing files.
MissingOutputException in line 139 of /home/mourdas/Documents/5-GIT/TrEMOLO/pipeline/creation_snakefile.snk:
Missing files after 5 seconds:
/Snakefile
This might be due to filesystem latency. If that is the case, consider to increase the wait time with --latency-wait.
Shutting down, this might take some time.
Exiting because a job execution failed. Look above for error message
Complete log: /home/mourdas/Documents/5-GIT/TrEMOLO/pipeline/.snakemake/log/2021-03-18T145800.790621.snakemake.log
