Building DAG of jobs...
Using shell: /bin/bash
Provided cores: 1
Rules claiming more threads will be scaled down.
Job counts:
	count	jobs
	1	test
	1	test2
	2

[Thu Mar 18 13:21:23 2021]
rule test:
    output: out.xt
    jobid: 1

Touching output file out.xt.
[Thu Mar 18 13:21:23 2021]
Finished job 1.
1 of 2 steps (50%) done

[Thu Mar 18 13:21:23 2021]
rule test2:
    input: out.xt
    output: out2.xt
    jobid: 0

Waiting at most 5 seconds for missing files.
Terminating processes on user request, this might take some time.
Cancelling snakemake on user request.
