Building DAG of jobs...
Using shell: /bin/bash
Provided cores: 1
Rules claiming more threads will be scaled down.
Job counts:
	count	jobs
	1	test2
	1

[Thu Mar 18 13:28:28 2021]
rule test2:
    input: out.xt
    output: out2.xt
    jobid: 0

[Thu Mar 18 13:28:28 2021]
Error in rule test2:
    jobid: 0
    output: out2.xt
    shell:
        
        echo ok;
        echo source creation_snakefile.snk/define_env.sh;
        echo $var;
        rm out.xt;
        
        (exited with non-zero exit code)

Shutting down, this might take some time.
Exiting because a job execution failed. Look above for error message
Complete log: /home/mourdas/Documents/5-GIT/TrEMOLO/pipeline/.snakemake/log/2021-03-18T132828.507673.snakemake.log
